<?xml version="1.0" encoding="UTF-8"?>
<!-- Generated by org.testng.reporters.JUnitReportReporter -->
<testsuite hostname="W1044KP3H2" name="com.salesforce.opportunity.CreateOpportunityTest" tests="1" failures="0" timestamp="22 Jun 2018 11:30:07 GMT" time="84.660" errors="0">
  <testcase name="createStandardOpportunityTest" time="84.660" classname="com.salesforce.opportunity.CreateOpportunityTest"/>
</testsuite> <!-- com.salesforce.opportunity.CreateOpportunityTest -->
