<?xml version="1.0" encoding="UTF-8"?>
<!-- Generated by org.testng.reporters.JUnitReportReporter -->
<testsuite hostname="W1044KP3H2" name="com.salesforce.opportunity.Opportu" tests="1" failures="0" timestamp="12 Jun 2018 11:07:59 GMT" time="26.561" errors="0">
  <testcase name="createOpportunity" time="26.561" classname="com.salesforce.opportunity.Opportu"/>
</testsuite> <!-- com.salesforce.opportunity.Opportu -->
