<?xml version="1.0" encoding="UTF-8"?>
<!-- Generated by org.testng.reporters.JUnitReportReporter -->
<testsuite hostname="W1044KP3H2" name="com.salesforce.opportunity.Opportunity" tests="1" failures="0" timestamp="13 Jun 2018 05:52:51 GMT" time="29.333" errors="0">
  <testcase name="createOpportunity" time="29.333" classname="com.salesforce.opportunity.Opportunity"/>
</testsuite> <!-- com.salesforce.opportunity.Opportunity -->
