<?xml version="1.0" encoding="UTF-8"?>
<!-- Generated by org.testng.reporters.JUnitReportReporter -->
<testsuite hostname="W1044KP3H2" name="com.salesforce.opportunity.CreateOpportunity" tests="1" failures="0" timestamp="13 Jun 2018 09:29:01 GMT" time="40.959" errors="0">
  <testcase name="createStandardOpportunity" time="40.959" classname="com.salesforce.opportunity.CreateOpportunity"/>
</testsuite> <!-- com.salesforce.opportunity.CreateOpportunity -->
